<?xml version="1.0" encoding="UTF-8"?>
<!-- Generated by org.testng.reporters.JUnitReportReporter -->
<testsuite hostname="DESKTOP-9HH9N2M" failures="0" tests="1" name="uf.AddNewMember_Script" time="20.787" errors="0" timestamp="2023-03-23T23:40:43 IST" skipped="0">
  <testcase classname="uf.AddNewMember_Script" name="Add_NewMember" time="20.787"/>
  <system-out/>
</testsuite> <!-- uf.AddNewMember_Script -->
