<?xml version="1.0" encoding="UTF-8"?>
<!-- Generated by org.testng.reporters.JUnitReportReporter -->
<testsuite hostname="DESKTOP-9HH9N2M" failures="0" tests="1" name="uf.Home_Test" time="3.917" errors="0" timestamp="2023-03-24T23:42:51 IST" skipped="0">
  <testcase classname="uf.Home_Test" name="homeSearch" time="3.917"/>
  <system-out/>
</testsuite> <!-- uf.Home_Test -->
