<?xml version="1.0" encoding="UTF-8"?>
<!-- Generated by org.testng.reporters.JUnitReportReporter -->
<testsuite hostname="DESKTOP-9HH9N2M" failures="0" tests="1" name="uf.AddNewMember" time="5.152" errors="0" timestamp="2023-01-05T23:30:31 IST" skipped="0">
  <testcase classname="uf.AddNewMember" name="Add_NewMember" time="5.152"/>
  <system-out/>
</testsuite> <!-- uf.AddNewMember -->
