<?xml version="1.0" encoding="UTF-8"?>
<!-- Generated by org.testng.reporters.JUnitReportReporter -->
<testsuite hostname="DESKTOP-9HH9N2M" failures="0" tests="1" name="uf.NewHireImport_Script" time="3.959" errors="0" timestamp="2023-01-12T16:53:00 IST" skipped="0">
  <testcase classname="uf.NewHireImport_Script" name="NewHireImport" time="3.959"/>
  <system-out/>
</testsuite> <!-- uf.NewHireImport_Script -->
