<?xml version="1.0" encoding="UTF-8"?>
<!-- Generated by org.testng.reporters.JUnitReportReporter -->
<testsuite hostname="DESKTOP-9HH9N2M" failures="0" tests="1" name="uf.Home_Script" time="4.286" errors="0" timestamp="2023-01-23T12:57:12 IST" skipped="0">
  <testcase classname="uf.Home_Script" name="homeSearch" time="4.286"/>
  <system-out/>
</testsuite> <!-- uf.Home_Script -->
